result_vector[0]
	- 0 = -48.4259
	- 1 = -48.708
	- 2 = -39.43
	- 3 = -53.5695
	- 4 = -52.1876
	- 5 = -53.191
	- 6 = -79.401
	- 7 = -66.1647
	- 8 = -53.8576
	- 9 = -74.3217
	- 10 = -71.7223
	- 11 = -66.8123
result_vector[1]
	- 0 = -18.8743
	- 1 = -26.2441
	- 2 = -37.4084
	- 3 = -36.2307
	- 4 = -42.3768
	- 5 = -43.1418
	- 6 = -38.0087
	- 7 = -42.7553
	- 8 = -43.5976
	- 9 = -18.9556
	- 10 = -36.856
	- 11 = -29.8056
result_vector[2]
	- 0 = -22.6735
	- 1 = -18.2778
	- 2 = -30.3587
	- 3 = -33.5934
	- 4 = -30.1633
	- 5 = -32.2973
	- 6 = -33.2117
	- 7 = -41.2619
	- 8 = -39.3964
	- 9 = -39.1093
	- 10 = -34.9056
	- 11 = -29.8226
result_vector[3]
	- 0 = -24.1749
	- 1 = -25.2941
	- 2 = -32.8574
	- 3 = -27.1187
	- 4 = -39.3858
	- 5 = -36.7568
	- 6 = -30.915
	- 7 = -41.7189
	- 8 = -39.8727
	- 9 = -21.2774
	- 10 = -48.4677
	- 11 = -26.746
result_vector[4]
	- 0 = -23.0311
	- 1 = -32.6794
	- 2 = -31.3387
	- 3 = -30.3608
	- 4 = -33.5164
	- 5 = -30.1677
	- 6 = -30.249
	- 7 = -43.479
	- 8 = -37.5014
	- 9 = -28.6986
	- 10 = -46.8524
	- 11 = -38.045
result_vector[5]
	- 0 = -23.3096
	- 1 = -28.8004
	- 2 = -28.0287
	- 3 = -34.9332
	- 4 = -27.5063
	- 5 = -38.725
	- 6 = -31.8896
	- 7 = -38.0096
	- 8 = -40.4169
	- 9 = -25.9337
	- 10 = -40.9519
	- 11 = -21.5611
result_vector[6]
	- 0 = -28.2149
	- 1 = -23.1424
	- 2 = -33.8831
	- 3 = -37.5141
	- 4 = -39.4058
	- 5 = -36.883
	- 6 = -30.2831
	- 7 = -48.8645
	- 8 = -50.0168
	- 9 = -33.1511
	- 10 = -51.8155
	- 11 = -30.8292
result_vector[7]
	- 0 = -19.7064
	- 1 = -33.4781
	- 2 = -41.0292
	- 3 = -30.8763
	- 4 = -36.2071
	- 5 = -43.3165
	- 6 = -26.1803
	- 7 = -45.2945
	- 8 = -59.2535
	- 9 = -51.5213
	- 10 = -57.5084
	- 11 = -36.8106
result_vector[8]
	- 0 = -24.0701
	- 1 = -22.5492
	- 2 = -32.6868
	- 3 = -29.5394
	- 4 = -36.9409
	- 5 = -36.2565
	- 6 = -26.3799
	- 7 = -45.326
	- 8 = -48.4089
	- 9 = -43.8636
	- 10 = -54.082
	- 11 = -37.3492
result_vector[9]
	- 0 = -24.8905
	- 1 = -24.1513
	- 2 = -30.1317
	- 3 = -34.1344
	- 4 = -39.4593
	- 5 = -36.6584
	- 6 = -36.5787
	- 7 = -29.0494
	- 8 = -26.9273
	- 9 = -33.2651
	- 10 = -50.4965
	- 11 = -31.6506
result_vector[10]
	- 0 = -23.3347
	- 1 = -29.9475
	- 2 = -30.9985
	- 3 = -30.3349
	- 4 = -44.2092
	- 5 = -35.4946
	- 6 = -33.3472
	- 7 = -35.6612
	- 8 = -44.0742
	- 9 = -30.483
	- 10 = -52.9244
	- 11 = -35.7834
result_vector[11]
	- 0 = -15.0251
	- 1 = -26.4115
	- 2 = -25.7252
	- 3 = -27.392
	- 4 = -32.5922
	- 5 = -28.0108
	- 6 = -37.2036
	- 7 = -27.2393
	- 8 = -28.134
	- 9 = -27.6718
	- 10 = -45.7161
	- 11 = -45.5482
result_vector[12]
	- 0 = -12.8481
	- 1 = -18.6082
	- 2 = -22.1734
	- 3 = -23.0445
	- 4 = -20.5067
	- 5 = -14.2926
	- 6 = -27.7039
	- 7 = -23.9496
	- 8 = -34.6237
	- 9 = -29.9663
	- 10 = -44.2339
	- 11 = -43.1522
result_vector[13]
	- 0 = -14.9328
	- 1 = -18.0321
	- 2 = -18.5879
	- 3 = -27.6944
	- 4 = -32.718
	- 5 = -22.1114
	- 6 = -24.7855
	- 7 = -24.2125
	- 8 = -25.7398
	- 9 = -30.8439
	- 10 = -42.8397
	- 11 = -27.8941
result_vector[14]
	- 0 = -16.7448
	- 1 = -19.7893
	- 2 = -16.7477
	- 3 = -15.4069
	- 4 = -22.0304
	- 5 = -21.1383
	- 6 = -16.6032
	- 7 = -21.9968
	- 8 = -25.8573
	- 9 = -26.9328
	- 10 = -34.8933
	- 11 = -21.3756
result_vector[15]
	- 0 = -13.3913
	- 1 = -21.115
	- 2 = -19.7042
	- 3 = -18.1981
	- 4 = -25.5668
	- 5 = -29.1677
	- 6 = -17.7927
	- 7 = -12.401
	- 8 = -26.2049
	- 9 = -21.6325
	- 10 = -42.2962
	- 11 = -21.0845
result_vector[16]
	- 0 = -9.84778
	- 1 = -25.1162
	- 2 = -12.1298
	- 3 = -10.6549
	- 4 = -32.0379
	- 5 = -27.46
	- 6 = -14.7872
	- 7 = -14.2362
	- 8 = -13.5386
	- 9 = -27.1507
	- 10 = -40.2222
	- 11 = -10.8449
result_vector[17]
	- 0 = -8.07702
	- 1 = -25.8548
	- 2 = -21.312
	- 3 = -18.6163
	- 4 = -30.6596
	- 5 = -27.4115
	- 6 = -20.4494
	- 7 = -17.0866
	- 8 = -14.4947
	- 9 = -25.7213
	- 10 = -41.1491
	- 11 = -5.61691
result_vector[18]
	- 0 = 1.74224
	- 1 = -19.9131
	- 2 = -15.8395
	- 3 = -23.3173
	- 4 = -26.4302
	- 5 = -16.3135
	- 6 = -19.0544
	- 7 = -13.4699
	- 8 = -24.2794
	- 9 = -31.2127
	- 10 = -36.107
	- 11 = -3.75779
result_vector[19]
	- 0 = -7.63192
	- 1 = -13.6924
	- 2 = -9.23777
	- 3 = -25.9281
	- 4 = -20.6384
	- 5 = -22.4344
	- 6 = -14.145
	- 7 = -17.4118
	- 8 = -16.9057
	- 9 = -27.3847
	- 10 = -31.1597
	- 11 = -14.5307
result_vector[20]
	- 0 = -10.6682
	- 1 = -15.5974
	- 2 = -14.3404
	- 3 = -23.3437
	- 4 = -24.9974
	- 5 = -23.1441
	- 6 = -17.9213
	- 7 = -18.898
	- 8 = -12.1149
	- 9 = -27.5084
	- 10 = -31.6512
	- 11 = -20.4335
result_vector[21]
	- 0 = -3.16784
	- 1 = -13.1003
	- 2 = -13.6072
	- 3 = -26.1862
	- 4 = -22.2375
	- 5 = -18.6614
	- 6 = -13.612
	- 7 = -21.1733
	- 8 = -9.59229
	- 9 = -23.2995
	- 10 = -35.9143
	- 11 = -17.55
result_vector[22]
	- 0 = -9.30451
	- 1 = -12.1059
	- 2 = -11.7104
	- 3 = -22.0078
	- 4 = -23.3489
	- 5 = -16.5427
	- 6 = -17.9001
	- 7 = -20.8113
	- 8 = -10.6243
	- 9 = -29.412
	- 10 = -41.2721
	- 11 = -16.0367
result_vector[23]
	- 0 = -13.0392
	- 1 = -8.94372
	- 2 = -11.698
	- 3 = -15.7908
	- 4 = -25.7314
	- 5 = -24.2715
	- 6 = -24.8197
	- 7 = -26.0411
	- 8 = -14.5341
	- 9 = -21.2115
	- 10 = -41.0583
	- 11 = -12.9201
result_vector[24]
	- 0 = -13.5468
	- 1 = -7.38526
	- 2 = -21.4193
	- 3 = -16.9529
	- 4 = -27.1193
	- 5 = -27.4826
	- 6 = -23.4981
	- 7 = -21.2619
	- 8 = -15.833
	- 9 = -26.0553
	- 10 = -41.0821
	- 11 = -15.9472
result_vector[25]
	- 0 = -14.0813
	- 1 = -12.0342
	- 2 = -21.463
	- 3 = -22.4743
	- 4 = -22.0416
	- 5 = -31.52
	- 6 = -20.1038
	- 7 = -22.2045
	- 8 = -12.3104
	- 9 = -28.7548
	- 10 = -39.0761
	- 11 = -17.1043
result_vector[26]
	- 0 = -14.4335
	- 1 = -13.15
	- 2 = -22.8935
	- 3 = -19.4406
	- 4 = -24.229
	- 5 = -32.2456
	- 6 = -21.1264
	- 7 = -25.6753
	- 8 = -10.5793
	- 9 = -25.7183
	- 10 = -43.5867
	- 11 = -16.4284
result_vector[27]
	- 0 = -13.0591
	- 1 = -6.70389
	- 2 = -24.6868
	- 3 = -19.1496
	- 4 = -25.4432
	- 5 = -23.2586
	- 6 = -24.7496
	- 7 = -25.6637
	- 8 = -10.314
	- 9 = -29.8297
	- 10 = -33.9535
	- 11 = -23.2334
result_vector[28]
	- 0 = -14.1382
	- 1 = -15.2217
	- 2 = -24.8573
	- 3 = -19.2316
	- 4 = -20.5271
	- 5 = -24.2407
	- 6 = -20.7607
	- 7 = -32.9165
	- 8 = -15.8813
	- 9 = -26.3583
	- 10 = -43.2375
	- 11 = -26.4017
result_vector[29]
	- 0 = -14.3644
	- 1 = -15.8666
	- 2 = -22.2247
	- 3 = -18.0512
	- 4 = -24.5101
	- 5 = -34.2123
	- 6 = -27.9041
	- 7 = -31.3503
	- 8 = -25.0401
	- 9 = -33.9583
	- 10 = -37.7443
	- 11 = -27.1691
result_vector[30]
	- 0 = -20.3912
	- 1 = -15.0116
	- 2 = -19.5702
	- 3 = -20.362
	- 4 = -22.5847
	- 5 = -30.1966
	- 6 = -21.1607
	- 7 = -33.3629
	- 8 = -18.7964
	- 9 = -31.7661
	- 10 = -36.7628
	- 11 = -25.6207
result_vector[31]
	- 0 = -16.4664
	- 1 = -15.7206
	- 2 = -22.6499
	- 3 = -17.0794
	- 4 = -22.8715
	- 5 = -35.5279
	- 6 = -22.129
	- 7 = -38.0128
	- 8 = -24.2124
	- 9 = -35.2181
	- 10 = -37.9537
	- 11 = -27.5896
result_vector[32]
	- 0 = -18.5814
	- 1 = -12.4302
	- 2 = -19.3265
	- 3 = -26.028
	- 4 = -23.9241
	- 5 = -30.0658
	- 6 = -16.961
	- 7 = -32.9189
	- 8 = -21.9952
	- 9 = -34.1423
	- 10 = -43.5283
	- 11 = -26.3661
result_vector[33]
	- 0 = -18.5744
	- 1 = -13.9731
	- 2 = -23.1595
	- 3 = -29.2614
	- 4 = -26.4025
	- 5 = -34.0613
	- 6 = -30.5702
	- 7 = -32.4377
	- 8 = -33.1895
	- 9 = -37.6105
	- 10 = -47.156
	- 11 = -34.2117
result_vector[34]
	- 0 = -27.6507
	- 1 = -16.87
	- 2 = -27.9637
	- 3 = -28.4199
	- 4 = -28.3697
	- 5 = -35.4534
	- 6 = -34.119
	- 7 = -36.802
	- 8 = -32.4883
	- 9 = -35.6354
	- 10 = -38.2599
	- 11 = -35.5136
result_vector[35]
	- 0 = -24.9401
	- 1 = -20.3653
	- 2 = -28.837
	- 3 = -31.7144
	- 4 = -29.2201
	- 5 = -36.4855
	- 6 = -32.2579
	- 7 = -44.1379
	- 8 = -29.5218
	- 9 = -35.2067
	- 10 = -43.299
	- 11 = -31.2705
result_vector[36]
	- 0 = -26.4584
	- 1 = -20.6531
	- 2 = -27.134
	- 3 = -27.3148
	- 4 = -27.3811
	- 5 = -32.8626
	- 6 = -30.8223
	- 7 = -34.4399
	- 8 = -34.8517
	- 9 = -32.0207
	- 10 = -39.4398
	- 11 = -36.8535
result_vector[37]
	- 0 = -31.8719
	- 1 = -17.4786
	- 2 = -30.5396
	- 3 = -29.8048
	- 4 = -25.9915
	- 5 = -39.4038
	- 6 = -33.5717
	- 7 = -43.9045
	- 8 = -39.9682
	- 9 = -35.5534
	- 10 = -45.9283
	- 11 = -33.2347
result_vector[38]
	- 0 = -30.3447
	- 1 = -21.0413
	- 2 = -31.653
	- 3 = -31.9765
	- 4 = -26.561
	- 5 = -37.7481
	- 6 = -36.7523
	- 7 = -42.5167
	- 8 = -36.3693
	- 9 = -38.5728
	- 10 = -48.6545
	- 11 = -35.2848
result_vector[39]
	- 0 = -25.1364
	- 1 = -27.6916
	- 2 = -33.9583
	- 3 = -34.0015
	- 4 = -29.055
	- 5 = -29.9774
	- 6 = -32.8808
	- 7 = -48.2451
	- 8 = -50.9617
	- 9 = -41.2702
	- 10 = -50.933
	- 11 = -30.2587
result_vector[40]
	- 0 = -24.3861
	- 1 = -32.101
	- 2 = -30.3753
	- 3 = -34.451
	- 4 = -35.1459
	- 5 = -39.072
	- 6 = -27.34
	- 7 = -48.2742
	- 8 = -36.6333
	- 9 = -39.3496
	- 10 = -48.1188
	- 11 = -40.7588
result_vector[41]
	- 0 = -21.7399
	- 1 = -28.0362
	- 2 = -27.6803
	- 3 = -27.3003
	- 4 = -25.8372
	- 5 = -34.5683
	- 6 = -28.3539
	- 7 = -46.6035
	- 8 = -29.5602
	- 9 = -40.5131
	- 10 = -44.4311
	- 11 = -40.6275
result_vector[42]
	- 0 = -27.2392
	- 1 = -25.4523
	- 2 = -23.7661
	- 3 = -34.5012
	- 4 = -30.4237
	- 5 = -32.0654
	- 6 = -33.1633
	- 7 = -32.0936
	- 8 = -36.5621
	- 9 = -39.8996
	- 10 = -40.8686
	- 11 = -43.718
result_vector[43]
	- 0 = -29.6843
	- 1 = -26.5866
	- 2 = -23.935
	- 3 = -25.3932
	- 4 = -27.0675
	- 5 = -34.7898
	- 6 = -23.0105
	- 7 = -36.1333
	- 8 = -37.3625
	- 9 = -41.2463
	- 10 = -51.6362
	- 11 = -37.4952
result_vector[44]
	- 0 = -26.4982
	- 1 = -25.0787
	- 2 = -26.6735
	- 3 = -22.8316
	- 4 = -26.29
	- 5 = -33.8513
	- 6 = -26.8683
	- 7 = -36.1278
	- 8 = -40.4004
	- 9 = -40.209
	- 10 = -36.3805
	- 11 = -39.7937
result_vector[45]
	- 0 = -28.4411
	- 1 = -21.781
	- 2 = -21.5757
	- 3 = -21.5192
	- 4 = -16.9746
	- 5 = -28.4877
	- 6 = -27.1603
	- 7 = -36.9331
	- 8 = -31.8292
	- 9 = -31.1602
	- 10 = -23.9486
	- 11 = -30.2242
result_vector[46]
	- 0 = -23.1557
	- 1 = -16.0224
	- 2 = -23.9323
	- 3 = -19.1982
	- 4 = -23.4476
	- 5 = -19.0576
	- 6 = -32.9891
	- 7 = -28.0567
	- 8 = -28.4147
	- 9 = -32.4336
	- 10 = -31.131
	- 11 = -31.4494
result_vector[47]
	- 0 = -30.3379
	- 1 = -19.6042
	- 2 = -21.1173
	- 3 = -14.5096
	- 4 = -21.0169
	- 5 = -25.5753
	- 6 = -25.4108
	- 7 = -20.1598
	- 8 = -12.335
	- 9 = -30.4226
	- 10 = -35.4581
	- 11 = -36.5969
result_vector[48]
	- 0 = -29.1133
	- 1 = -21.1062
	- 2 = -21.1716
	- 3 = -22.0261
	- 4 = -25.5961
	- 5 = -28.9567
	- 6 = -26.1064
	- 7 = -17.8122
	- 8 = -22.9335
	- 9 = -31.9862
	- 10 = -39.0517
	- 11 = -39.3035
result_vector[49]
	- 0 = -26.4735
	- 1 = -21.832
	- 2 = -27.2701
	- 3 = -21.569
	- 4 = -28.8669
	- 5 = -33.0397
	- 6 = -30.3507
	- 7 = -27.4366
	- 8 = -26.2573
	- 9 = -35.3923
	- 10 = -50.6653
	- 11 = -36.9179
result_vector[50]
	- 0 = -22.5004
	- 1 = -18.0394
	- 2 = -24.586
	- 3 = -19.7787
	- 4 = -26.7548
	- 5 = -30.5575
	- 6 = -30.5218
	- 7 = -20.1995
	- 8 = -17.7723
	- 9 = -42.938
	- 10 = -47.6045
	- 11 = -33.139
result_vector[51]
	- 0 = -12.9764
	- 1 = -17.2634
	- 2 = -25.4823
	- 3 = -26.873
	- 4 = -20.976
	- 5 = -20.4336
	- 6 = -25.3638
	- 7 = -33.2146
	- 8 = -18.8362
	- 9 = -34.0961
	- 10 = -46.6694
	- 11 = -40.2972
result_vector[52]
	- 0 = -15.7871
	- 1 = -16.0186
	- 2 = -22.2715
	- 3 = -13.7146
	- 4 = -16.6609
	- 5 = -21.317
	- 6 = -18.8856
	- 7 = -21.5128
	- 8 = -5.59391
	- 9 = -30.9246
	- 10 = -39.7001
	- 11 = -26.3432
result_vector[53]
	- 0 = -19.0042
	- 1 = -16.7903
	- 2 = -19.2724
	- 3 = -6.84734
	- 4 = -13.2646
	- 5 = -13.4125
	- 6 = -23.2868
	- 7 = -14.4805
	- 8 = -17.6042
	- 9 = -25.1619
	- 10 = -37.5589
	- 11 = -21.5416
result_vector[54]
	- 0 = -19.5315
	- 1 = -15.7861
	- 2 = -17.772
	- 3 = 2.98013
	- 4 = -7.32023
	- 5 = -12.102
	- 6 = -18.9538
	- 7 = -20.1022
	- 8 = -11.29
	- 9 = -30.1082
	- 10 = -38.4019
	- 11 = -26.0236
result_vector[55]
	- 0 = -14.8197
	- 1 = -10.939
	- 2 = -15.5149
	- 3 = -7.26704
	- 4 = -12.0361
	- 5 = -30.8793
	- 6 = -19.1662
	- 7 = -15.9519
	- 8 = -8.58454
	- 9 = -33.9718
	- 10 = -41.2969
	- 11 = -23.1649
result_vector[56]
	- 0 = -22.0305
	- 1 = -18.6118
	- 2 = -15.257
	- 3 = 1.30004
	- 4 = -11.6878
	- 5 = -20.9658
	- 6 = -21.2388
	- 7 = -10.613
	- 8 = -12.6118
	- 9 = -39.6971
	- 10 = -33.4935
	- 11 = -29.9029
result_vector[57]
	- 0 = -17.7017
	- 1 = -15.8293
	- 2 = -20.6684
	- 3 = -10.9552
	- 4 = -13.8757
	- 5 = -24.9852
	- 6 = -23.3139
	- 7 = -15.3289
	- 8 = -10.5344
	- 9 = -23.0598
	- 10 = -34.1476
	- 11 = -21.7731
result_vector[58]
	- 0 = -17.3135
	- 1 = -18.1755
	- 2 = -14.1195
	- 3 = -8.95387
	- 4 = -19.8026
	- 5 = -22.2328
	- 6 = -15.9352
	- 7 = -6.67324
	- 8 = -9.06585
	- 9 = -29.5028
	- 10 = -25.3734
	- 11 = -13.011
result_vector[59]
	- 0 = -14.2329
	- 1 = -17.9362
	- 2 = -21.1415
	- 3 = -10.5758
	- 4 = -20.3211
	- 5 = -14.9363
	- 6 = -19.8601
	- 7 = -12.5211
	- 8 = -23.3218
	- 9 = -29.8692
	- 10 = -41.1727
	- 11 = -11.5365
result_vector[60]
	- 0 = -13.6481
	- 1 = -13.0526
	- 2 = -17.2402
	- 3 = -13.5912
	- 4 = -25.5206
	- 5 = -17.6389
	- 6 = -20.4201
	- 7 = -17.8385
	- 8 = -13.4651
	- 9 = -22.6791
	- 10 = -40.7093
	- 11 = -10.3156
result_vector[61]
	- 0 = -8.51752
	- 1 = -18.832
	- 2 = -13.0388
	- 3 = -12.4219
	- 4 = -17.5083
	- 5 = -19.1848
	- 6 = -20.0273
	- 7 = -2.81419
	- 8 = -12.3176
	- 9 = -26.26
	- 10 = -35.1191
	- 11 = -18.426
result_vector[62]
	- 0 = -14.0431
	- 1 = -9.59667
	- 2 = -14.6597
	- 3 = -7.74675
	- 4 = 2.07059
	- 5 = -22.9264
	- 6 = -22.1225
	- 7 = -1.55924
	- 8 = -4.77802
	- 9 = -28.2246
	- 10 = -19.5254
	- 11 = -14.6916
result_vector[63]
	- 0 = -10.9281
	- 1 = -1.73932
	- 2 = -9.992
	- 3 = 3.40639
	- 4 = 6.86414
	- 5 = -9.62941
	- 6 = -16.9102
	- 7 = 14.536
	- 8 = 3.94685
	- 9 = -15.2282
	- 10 = -14.5706
	- 11 = -4.53788
result_vector[64]
	- 0 = -7.88566
	- 1 = -6.1426
	- 2 = -7.41671
	- 3 = 9.31511
	- 4 = 4.87965
	- 5 = -14.4625
	- 6 = -8.32983
	- 7 = 19.018
	- 8 = 7.85829
	- 9 = -4.14285
	- 10 = -5.59558
	- 11 = 8.10023
result_vector[65]
	- 0 = -0.96566
	- 1 = 8.02285
	- 2 = -7.40871
	- 3 = 10.5801
	- 4 = 6.958
	- 5 = -4.50233
	- 6 = -12.3801
	- 7 = 10.5497
	- 8 = 6.82781
	- 9 = -2.21124
	- 10 = 1.53645
	- 11 = 11.4872
result_vector[66]
	- 0 = -3.02085
	- 1 = 6.04359
	- 2 = 4.92821
	- 3 = 2.1312
	- 4 = 3.80435
	- 5 = -14.5045
	- 6 = -19.2335
	- 7 = 8.78045
	- 8 = -3.88864
	- 9 = -10.2161
	- 10 = -14.2109
	- 11 = 6.20529
result_vector[67]
	- 0 = -3.48618
	- 1 = 0.506469
	- 2 = -4.17194
	- 3 = 0.0918783
	- 4 = 1.835
	- 5 = -13.205
	- 6 = -13.2131
	- 7 = 4.58826
	- 8 = 11.1077
	- 9 = -11.4505
	- 10 = -21.8848
	- 11 = -1.74773
result_vector[68]
	- 0 = -7.04786
	- 1 = -5.82156
	- 2 = -7.79809
	- 3 = -0.218281
	- 4 = 4.14372
	- 5 = -1.50126
	- 6 = -3.20141
	- 7 = 3.98897
	- 8 = 3.80062
	- 9 = -6.07252
	- 10 = -21.4898
	- 11 = 0.719361
result_vector[69]
	- 0 = 5.09473
	- 1 = -1.10002
	- 2 = -6.94027
	- 3 = -0.474942
	- 4 = 3.97334
	- 5 = -4.50103
	- 6 = -2.20635
	- 7 = 6.86143
	- 8 = 1.66073
	- 9 = -6.48928
	- 10 = -15.474
	- 11 = -7.87327
result_vector[70]
	- 0 = -0.475996
	- 1 = -5.7428
	- 2 = -6.59871
	- 3 = 9.40485
	- 4 = 4.83986
	- 5 = -6.50058
	- 6 = -4.96739
	- 7 = 9.19182
	- 8 = 1.12363
	- 9 = -10.2125
	- 10 = 2.12181
	- 11 = -3.6642
result_vector[71]
	- 0 = 1.22657
	- 1 = -4.41095
	- 2 = 5.35859
	- 3 = 1.00657
	- 4 = 8.41848
	- 5 = 5.36348
	- 6 = -11.7176
	- 7 = 10.7609
	- 8 = 5.38922
	- 9 = -4.03608
	- 10 = -7.38762
	- 11 = -7.1597
result_vector[72]
	- 0 = 7.21844
	- 1 = 0.807903
	- 2 = 1.92199
	- 3 = 9.74481
	- 4 = 8.82514
	- 5 = 1.81968
	- 6 = -14.8922
	- 7 = 23.2391
	- 8 = 3.29092
	- 9 = -14.5552
	- 10 = -10.5754
	- 11 = -3.45482
result_vector[73]
	- 0 = 5.60694
	- 1 = 0.744714
	- 2 = 13.2734
	- 3 = 13.7692
	- 4 = 10.3497
	- 5 = 7.83731
	- 6 = -6.10762
	- 7 = 21.6571
	- 8 = 6.15153
	- 9 = -0.754043
	- 10 = 1.32984
	- 11 = -5.7945
result_vector[74]
	- 0 = 5.85753
	- 1 = 9.89463
	- 2 = 9.88279
	- 3 = 23.3113
	- 4 = 13.7087
	- 5 = 4.62322
	- 6 = -8.88646
	- 7 = 39.6091
	- 8 = 16.7896
	- 9 = 7.15838
	- 10 = -0.9411
	- 11 = 5.78436
result_vector[75]
	- 0 = 24.0882
	- 1 = 8.04974
	- 2 = 19.6185
	- 3 = 29.2149
	- 4 = 21.7253
	- 5 = 1.52372
	- 6 = 0.914475
	- 7 = 37.9464
	- 8 = 18.227
	- 9 = 0.390255
	- 10 = 1.38009
	- 11 = 8.06812
result_vector[76]
	- 0 = 15.5411
	- 1 = 9.57227
	- 2 = 23.6811
	- 3 = 17.9468
	- 4 = 19.347
	- 5 = -6.80517
	- 6 = -7.66801
	- 7 = 32.5256
	- 8 = 32.2768
	- 9 = -3.20221
	- 10 = 10.5889
	- 11 = 9.14925
result_vector[77]
	- 0 = 12.481
	- 1 = 6.62381
	- 2 = 12.3483
	- 3 = 15.9921
	- 4 = 19.6915
	- 5 = -0.122117
	- 6 = -3.04252
	- 7 = 31.0469
	- 8 = 14.4003
	- 9 = -6.01256
	- 10 = 5.85497
	- 11 = 2.991
result_vector[78]
	- 0 = -0.357102
	- 1 = -8.40926
	- 2 = 10.7606
	- 3 = 13.1177
	- 4 = 8.67479
	- 5 = -0.106238
	- 6 = -5.14069
	- 7 = 21.4711
	- 8 = 3.81146
	- 9 = -11.5814
	- 10 = -10.0528
	- 11 = -10.9367
result_vector[79]
	- 0 = 4.09334
	- 1 = -11.1674
	- 2 = 0.238669
	- 3 = 12.661
	- 4 = -1.15579
	- 5 = 7.26311
	- 6 = -11.2983
	- 7 = 17.8839
	- 8 = 9.03988
	- 9 = -13.6242
	- 10 = 0.037365
	- 11 = -12.257
result_vector[80]
	- 0 = 2.23733
	- 1 = -11.4314
	- 2 = 2.49979
	- 3 = 18.0577
	- 4 = 2.43766
	- 5 = 2.97576
	- 6 = -5.62524
	- 7 = 18.1374
	- 8 = -1.54488
	- 9 = -12.5778
	- 10 = -9.88682
	- 11 = -15.6473
result_vector[81]
	- 0 = 4.42582
	- 1 = -8.92659
	- 2 = -4.30666
	- 3 = 13.6255
	- 4 = 9.62376
	- 5 = 3.55054
	- 6 = -4.96472
	- 7 = 15.5516
	- 8 = 10.0279
	- 9 = -4.16377
	- 10 = -3.53626
	- 11 = -12.1732
result_vector[82]
	- 0 = 0.899555
	- 1 = -8.80233
	- 2 = -2.84441
	- 3 = 25.114
	- 4 = 9.64247
	- 5 = -4.76367
	- 6 = -8.94728
	- 7 = 24.9025
	- 8 = 17.6742
	- 9 = -8.16559
	- 10 = -14.795
	- 11 = -6.2561
result_vector[83]
	- 0 = 15.6345
	- 1 = 3.97063
	- 2 = -1.91293
	- 3 = 17.4522
	- 4 = 13.4705
	- 5 = 3.09401
	- 6 = -13.1028
	- 7 = 15.8564
	- 8 = 8.70264
	- 9 = -12.4457
	- 10 = -15.8415
	- 11 = -5.78359
result_vector[84]
	- 0 = 8.08876
	- 1 = 0.188313
	- 2 = 2.71837
	- 3 = 20.398
	- 4 = 10.8878
	- 5 = 7.45278
	- 6 = -14.6023
	- 7 = 22.0385
	- 8 = 14.3731
	- 9 = -15.1437
	- 10 = 8.55441
	- 11 = 3.11152
result_vector[85]
	- 0 = 13.9666
	- 1 = -5.36862
	- 2 = -3.49951
	- 3 = 24.6104
	- 4 = 10.6239
	- 5 = 6.53674
	- 6 = -12.8959
	- 7 = 27.4127
	- 8 = 15.4669
	- 9 = -8.65409
	- 10 = -6.74372
	- 11 = -9.75644
result_vector[86]
	- 0 = 10.9515
	- 1 = -3.48136
	- 2 = 2.66872
	- 3 = 12.2775
	- 4 = 9.0711
	- 5 = 0.329561
	- 6 = -7.17903
	- 7 = 9.20741
	- 8 = 15.5292
	- 9 = -9.65841
	- 10 = -5.56841
	- 11 = -5.51642
result_vector[87]
	- 0 = 9.32027
	- 1 = -11.3372
	- 2 = -4.7837
	- 3 = 22.0369
	- 4 = 10.434
	- 5 = -2.29956
	- 6 = -3.49099
	- 7 = 8.59335
	- 8 = 1.21661
	- 9 = -11.9998
	- 10 = -6.04811
	- 11 = -11.2545
result_vector[88]
	- 0 = 5.25343
	- 1 = -10.5406
	- 2 = 2.42384
	- 3 = 18.8294
	- 4 = 11.2023
	- 5 = 10.7539
	- 6 = 1.20422
	- 7 = 17.582
	- 8 = 10.4253
	- 9 = -12.2306
	- 10 = -6.9967
	- 11 = -16.9552
result_vector[89]
	- 0 = 5.68384
	- 1 = -16.2789
	- 2 = 3.69055
	- 3 = 16.3525
	- 4 = 16.1137
	- 5 = -3.03819
	- 6 = -2.53056
	- 7 = 18.4622
	- 8 = 6.59736
	- 9 = -8.36434
	- 10 = -1.17421
	- 11 = -13.8214
result_vector[90]
	- 0 = 2.11505
	- 1 = -14.6235
	- 2 = 10.0443
	- 3 = 11.9621
	- 4 = 16.0837
	- 5 = -7.21274
	- 6 = -9.94462
	- 7 = 27.5642
	- 8 = 6.97237
	- 9 = -6.32576
	- 10 = -7.44792
	- 11 = -20.5384
result_vector[91]
	- 0 = 6.30649
	- 1 = -8.0601
	- 2 = 3.06372
	- 3 = 17.689
	- 4 = 8.2359
	- 5 = -14.3553
	- 6 = -0.959793
	- 7 = 15.5551
	- 8 = 8.03206
	- 9 = -7.42703
	- 10 = -17.6729
	- 11 = -11.9187
result_vector[92]
	- 0 = 0.0471387
	- 1 = -15.6807
	- 2 = 0.728768
	- 3 = 19.3509
	- 4 = 6.07056
	- 5 = -4.39158
	- 6 = -8.6124
	- 7 = 18.5469
	- 8 = 0.0646144
	- 9 = -8.67473
	- 10 = -20.6641
	- 11 = -18.113
result_vector[93]
	- 0 = 3.66464
	- 1 = -16.4237
	- 2 = -0.504377
	- 3 = 6.37896
	- 4 = 6.98202
	- 5 = -8.59836
	- 6 = -16.4678
	- 7 = 17.1484
	- 8 = -10.3692
	- 9 = -11.3712
	- 10 = -6.80542
	- 11 = -22.6189
result_vector[94]
	- 0 = 5.19351
	- 1 = -10.734
	- 2 = -2.39475
	- 3 = 7.86637
	- 4 = 0.361861
	- 5 = -9.45777
	- 6 = -5.61973
	- 7 = -4.05083
	- 8 = -9.52304
	- 9 = -9.80386
	- 10 = -1.56678
	- 11 = -20.7897
result_vector[95]
	- 0 = 10.3075
	- 1 = -7.18565
	- 2 = -8.14168
	- 3 = 12.2515
	- 4 = 7.03725
	- 5 = -13.0889
	- 6 = -8.89381
	- 7 = 9.8485
	- 8 = 5.11997
	- 9 = -6.85589
	- 10 = -19.4526
	- 11 = -19.2184
result_vector[96]
	- 0 = 3.44622
	- 1 = -4.5847
	- 2 = -0.806857
	- 3 = 6.74726
	- 4 = 13.0364
	- 5 = -2.85142
	- 6 = -8.89815
	- 7 = 16.5929
	- 8 = 4.26005
	- 9 = -5.9778
	- 10 = -14.992
	- 11 = -10.1905
result_vector[97]
	- 0 = 4.58476
	- 1 = -10.7524
	- 2 = -5.85214
	- 3 = 3.45685
	- 4 = 18.2378
	- 5 = -6.68118
	- 6 = -5.27794
	- 7 = 26.921
	- 8 = 15.1018
	- 9 = -4.70441
	- 10 = -1.49695
	- 11 = -18.6965
result_vector[98]
	- 0 = -7.40783
	- 1 = -13.4472
	- 2 = 1.38469
	- 3 = 10.9609
	- 4 = 17.6776
	- 5 = -1.10295
	- 6 = -16.1033
	- 7 = 23.6024
	- 8 = -4.89225
	- 9 = 0.532111
	- 10 = -20.6213
	- 11 = -23.6169
result_vector[99]
	- 0 = -5.67231
	- 1 = -9.50586
	- 2 = 0.53709
	- 3 = 8.53701
	- 4 = 10.9381
	- 5 = -3.07999
	- 6 = -16.5123
	- 7 = 6.62354
	- 8 = -4.17193
	- 9 = -0.194717
	- 10 = -16.9732
	- 11 = -18.6983
result_vector[100]
	- 0 = -4.60942
	- 1 = -11.2332
	- 2 = -1.10231
	- 3 = 12.1262
	- 4 = 5.13509
	- 5 = 5.31518
	- 6 = -10.0784
	- 7 = 8.42579
	- 8 = 1.0511
	- 9 = -6.4225
	- 10 = -15.4258
	- 11 = -3.90356
result_vector[101]
	- 0 = -3.68057
	- 1 = -9.55307
	- 2 = -3.68462
	- 3 = 12.5899
	- 4 = 8.45664
	- 5 = -4.40779
	- 6 = -13.1961
	- 7 = 16.6597
	- 8 = -5.75766
	- 9 = -3.04731
	- 10 = -13.5685
	- 11 = -0.97674
result_vector[102]
	- 0 = -3.55449
	- 1 = -9.8079
	- 2 = -10.5083
	- 3 = 8.00665
	- 4 = -0.568989
	- 5 = -8.02712
	- 6 = -12.6276
	- 7 = 7.9297
	- 8 = -10.2323
	- 9 = -9.13652
	- 10 = -20.3447
	- 11 = -13.4985
result_vector[103]
	- 0 = -8.40374
	- 1 = -19.1853
	- 2 = -19.6422
	- 3 = 4.21654
	- 4 = 0.783835
	- 5 = -7.20942
	- 6 = -12.6884
	- 7 = 3.87361
	- 8 = -10.9611
	- 9 = -16.9769
	- 10 = -32.8627
	- 11 = -23.6218
result_vector[104]
	- 0 = -6.77212
	- 1 = -10.4769
	- 2 = -5.28847
	- 3 = 3.2992
	- 4 = -3.38084
	- 5 = -14.1034
	- 6 = -16.8419
	- 7 = 8.51374
	- 8 = -0.228259
	- 9 = -5.11978
	- 10 = -25.4876
	- 11 = -24.8896
result_vector[105]
	- 0 = 2.81529
	- 1 = -15.5093
	- 2 = -8.12624
	- 3 = 3.42979
	- 4 = -3.09634
	- 5 = -9.52306
	- 6 = -8.76072
	- 7 = 8.8067
	- 8 = -18.0581
	- 9 = -17.8218
	- 10 = -22.0202
	- 11 = -16.9862
result_vector[106]
	- 0 = -10.1366
	- 1 = -20.4541
	- 2 = -6.08623
	- 3 = 8.11788
	- 4 = -2.2568
	- 5 = 0.710198
	- 6 = -7.98832
	- 7 = 14.5475
	- 8 = -10.0741
	- 9 = -17.5387
	- 10 = -18.6035
	- 11 = -5.4258
result_vector[107]
	- 0 = -3.62175
	- 1 = -20.567
	- 2 = -10.7051
	- 3 = 10.6591
	- 4 = -2.82535
	- 5 = -5.83113
	- 6 = -9.95398
	- 7 = 10.5442
	- 8 = -2.22087
	- 9 = -15.3698
	- 10 = -25.0618
	- 11 = -5.24541
result_vector[108]
	- 0 = -3.4171
	- 1 = -11.4541
	- 2 = -10.2655
	- 3 = 11.4835
	- 4 = -15.716
	- 5 = -12.9654
	- 6 = -0.223893
	- 7 = 10.2312
	- 8 = 9.45042
	- 9 = -28.3203
	- 10 = -26.6765
	- 11 = 0.396274
result_vector[109]
	- 0 = -1.02747
	- 1 = -22.196
	- 2 = -8.39369
	- 3 = 14.19
	- 4 = -2.16532
	- 5 = -13.1078
	- 6 = -5.17499
	- 7 = 3.48024
	- 8 = 3.41921
	- 9 = -31.2296
	- 10 = -20.8483
	- 11 = -11.7738
result_vector[110]
	- 0 = -7.96677
	- 1 = -7.72432
	- 2 = -12.3029
	- 3 = -4.05272
	- 4 = -16.3437
	- 5 = -17.9806
	- 6 = -17.4124
	- 7 = 2.74164
	- 8 = -10.7058
	- 9 = -28.3456
	- 10 = -11.1786
	- 11 = -9.09025
result_vector[111]
	- 0 = -14.9545
	- 1 = -10.1273
	- 2 = -15.467
	- 3 = -0.389395
	- 4 = -5.53454
	- 5 = -21.1188
	- 6 = -7.26934
	- 7 = -6.61972
	- 8 = -18.0354
	- 9 = -24.9021
	- 10 = -23.658
	- 11 = -22.1296
result_vector[112]
	- 0 = -20.0689
	- 1 = -17.2332
	- 2 = -17.8978
	- 3 = -3.40987
	- 4 = -11.7636
	- 5 = -5.73703
	- 6 = -14.1622
	- 7 = -12.9375
	- 8 = -17.5186
	- 9 = -28.6474
	- 10 = -36.2353
	- 11 = -27.5078
result_vector[113]
	- 0 = -6.81244
	- 1 = -25.5923
	- 2 = -17.094
	- 3 = 2.46088
	- 4 = -23.705
	- 5 = -20.9663
	- 6 = -13.0751
	- 7 = -13.0981
	- 8 = -26.2564
	- 9 = -23.9566
	- 10 = -30.7948
	- 11 = -16.5041
result_vector[114]
	- 0 = -17.1457
	- 1 = -23.2478
	- 2 = -25.1373
	- 3 = -0.00804515
	- 4 = -22.9458
	- 5 = -15.4884
	- 6 = -16.9794
	- 7 = -11.6521
	- 8 = -11.5226
	- 9 = -25.8558
	- 10 = -30.8
	- 11 = -10.923
result_vector[115]
	- 0 = -12.0273
	- 1 = -28.3696
	- 2 = -20.3638
	- 3 = -12.7151
	- 4 = -4.76028
	- 5 = -28.1846
	- 6 = -19.3569
	- 7 = -21.6834
	- 8 = -15.436
	- 9 = -16.6387
	- 10 = -28.2603
	- 11 = -7.403
result_vector[116]
	- 0 = -8.623
	- 1 = -28.4945
	- 2 = -14.8414
	- 3 = -1.00003
	- 4 = -15.1267
	- 5 = -15.3061
	- 6 = -10.3027
	- 7 = -8.77568
	- 8 = -15.886
	- 9 = -17.302
	- 10 = -44.4385
	- 11 = -10.4874
result_vector[117]
	- 0 = -3.92694
	- 1 = -23.3275
	- 2 = -22.2569
	- 3 = 0.517125
	- 4 = -9.09269
	- 5 = -20.8293
	- 6 = -6.4097
	- 7 = -2.67825
	- 8 = -10.946
	- 9 = -22.7074
	- 10 = -20.4035
	- 11 = -13.1642
result_vector[118]
	- 0 = -13.9185
	- 1 = -16.882
	- 2 = -16.7645
	- 3 = -0.719736
	- 4 = -7.91968
	- 5 = -15.6382
	- 6 = 6.02585
	- 7 = -2.62065
	- 8 = -1.36025
	- 9 = -16.8956
	- 10 = -26.4169
	- 11 = -16.438
result_vector[119]
	- 0 = -10.6999
	- 1 = -25.3411
	- 2 = -17.2877
	- 3 = 2.93214
	- 4 = -25.9242
	- 5 = -26.6935
	- 6 = 0.451713
	- 7 = -8.80006
	- 8 = -12.081
	- 9 = -26.5563
	- 10 = -28.4063
	- 11 = -19.5868
result_vector[120]
	- 0 = -6.3616
	- 1 = -27.3245
	- 2 = -25.4533
	- 3 = -8.01013
	- 4 = -19.0481
	- 5 = -19.0535
	- 6 = -15.6228
	- 7 = -9.48768
	- 8 = -19.4556
	- 9 = -11.0402
	- 10 = -41.7042
	- 11 = -19.4366
result_vector[121]
	- 0 = -17.5001
	- 1 = -29.7131
	- 2 = -29.4743
	- 3 = -3.15108
	- 4 = -22.4143
	- 5 = -27.1752
	- 6 = -20.4313
	- 7 = -14.5994
	- 8 = -21.8983
	- 9 = -20.2074
	- 10 = -29.1671
	- 11 = -16.8278
result_vector[122]
	- 0 = -20.6662
	- 1 = -30.0956
	- 2 = -28.9499
	- 3 = -11.4598
	- 4 = -21.7147
	- 5 = -23.5138
	- 6 = -23.2079
	- 7 = -7.50299
	- 8 = -22.0444
	- 9 = -23.8157
	- 10 = -35.5915
	- 11 = -19.2726
result_vector[123]
	- 0 = -20.8133
	- 1 = -31.1113
	- 2 = -28.3733
	- 3 = -10.6925
	- 4 = -25.6363
	- 5 = -25.2342
	- 6 = -19.0157
	- 7 = -17.359
	- 8 = -27.0995
	- 9 = -23.3721
	- 10 = -17.773
	- 11 = -23.2881
result_vector[124]
	- 0 = -22.5971
	- 1 = -22.8802
	- 2 = -23.5375
	- 3 = -3.79851
	- 4 = -21.9287
	- 5 = -22.9012
	- 6 = -16.4638
	- 7 = -7.60207
	- 8 = -14.6681
	- 9 = -10.3675
	- 10 = -26.9843
	- 11 = -16.1076
result_vector[125]
	- 0 = -22.3019
	- 1 = -26.3684
	- 2 = -25.7826
	- 3 = 2.63491
	- 4 = -8.53192
	- 5 = -11.9871
	- 6 = -12.5851
	- 7 = -14.244
	- 8 = -19.5712
	- 9 = -16.7958
	- 10 = -19.0592
	- 11 = -16.4796
result_vector[126]
	- 0 = -18.7333
	- 1 = -18.7103
	- 2 = -18.8666
	- 3 = -0.164178
	- 4 = -11.6755
	- 5 = -25.8826
	- 6 = -15.2649
	- 7 = -9.03422
	- 8 = -4.60192
	- 9 = -8.20775
	- 10 = -16.5578
	- 11 = -14.0557
result_vector[127]
	- 0 = -15.3352
	- 1 = -19.7089
	- 2 = -15.9785
	- 3 = 1.1429
	- 4 = -23.9945
	- 5 = -19.4109
	- 6 = -15.1609
	- 7 = -12.4269
	- 8 = -12.483
	- 9 = -22.579
	- 10 = -16.7129
	- 11 = -18.2559
result_vector[128]
	- 0 = -17.5981
	- 1 = -20.0261
	- 2 = -15.6586
	- 3 = -0.950313
	- 4 = -29.5869
	- 5 = -20.4933
	- 6 = -13.8562
	- 7 = -17.3416
	- 8 = -23.8105
	- 9 = -24.9519
	- 10 = -28.5683
	- 11 = -27.3524
result_vector[129]
	- 0 = -12.4657
	- 1 = -25.6894
	- 2 = -20.899
	- 3 = -4.35856
	- 4 = -20.0411
	- 5 = -31.2672
	- 6 = -21.1742
	- 7 = -20.1174
	- 8 = -29.6378
	- 9 = -18.1815
	- 10 = -35.0475
	- 11 = -26.9446
result_vector[130]
	- 0 = -16.4614
	- 1 = -32.9462
	- 2 = -16.4382
	- 3 = -9.86867
	- 4 = -30.9975
	- 5 = -13.3246
	- 6 = -25.2088
	- 7 = -13.474
	- 8 = -21.6076
	- 9 = -24.3448
	- 10 = -26.3569
	- 11 = -25.4093
result_vector[131]
	- 0 = -14.455
	- 1 = -30.8528
	- 2 = -19.7526
	- 3 = -11.3111
	- 4 = -21.1285
	- 5 = -18.7306
	- 6 = -24.269
	- 7 = -15.4216
	- 8 = -19.8419
	- 9 = -35.1838
	- 10 = -44.064
	- 11 = -27.3767
result_vector[132]
	- 0 = -25.0474
	- 1 = -30.0933
	- 2 = -21.0122
	- 3 = -4.66616
	- 4 = -18.3871
	- 5 = -31.3151
	- 6 = -20.8918
	- 7 = -6.1974
	- 8 = -18.5089
	- 9 = -26.0751
	- 10 = -40.9401
	- 11 = -28.197
result_vector[133]
	- 0 = -24.1419
	- 1 = -25.387
	- 2 = -18.452
	- 3 = -3.47553
	- 4 = -17.3351
	- 5 = -29.1114
	- 6 = -18.5401
	- 7 = -16.403
	- 8 = -14.0303
	- 9 = -34.2465
	- 10 = -32.9664
	- 11 = -24.9058
result_vector[134]
	- 0 = -22.9751
	- 1 = -16.713
	- 2 = -11.6857
	- 3 = -3.55556
	- 4 = -12.6668
	- 5 = -31.0154
	- 6 = -20.1817
	- 7 = -9.99853
	- 8 = -23.6871
	- 9 = -28.7088
	- 10 = -16.8415
	- 11 = -17.7757
result_vector[135]
	- 0 = -14.7334
	- 1 = -10.8031
	- 2 = -12.7632
	- 3 = 2.68205
	- 4 = -8.08327
	- 5 = -22.2148
	- 6 = -12.6746
	- 7 = -5.84842
	- 8 = -22.8283
	- 9 = -19.9447
	- 10 = -20.5745
	- 11 = -19.9552
result_vector[136]
	- 0 = -12.5794
	- 1 = -12.3378
	- 2 = -6.37419
	- 3 = -0.0287149
	- 4 = -7.90407
	- 5 = -22.1283
	- 6 = -12.11
	- 7 = -2.97785
	- 8 = -1.83867
	- 9 = -23.0788
	- 10 = -18.165
	- 11 = -13.1449
result_vector[137]
	- 0 = -8.37779
	- 1 = -15.6089
	- 2 = -6.34661
	- 3 = 9.09277
	- 4 = -18.2428
	- 5 = -16.141
	- 6 = -16.4849
	- 7 = -10.3545
	- 8 = -6.37381
	- 9 = -14.6341
	- 10 = -17.7045
	- 11 = -19.2105
result_vector[138]
	- 0 = -14.4612
	- 1 = -8.36089
	- 2 = -5.33223
	- 3 = 4.501
	- 4 = -13.3277
	- 5 = 0.086954
	- 6 = -11.4387
	- 7 = -6.91079
	- 8 = -9.46377
	- 9 = -11.2339
	- 10 = -17.2431
	- 11 = -11.315
result_vector[139]
	- 0 = -6.40397
	- 1 = -19.7665
	- 2 = -18.9286
	- 3 = -2.95682
	- 4 = -12.5025
	- 5 = -15.114
	- 6 = -11.7633
	- 7 = -5.26052
	- 8 = -6.60224
	- 9 = -26.4138
	- 10 = -28.92
	- 11 = -25.2058
result_vector[140]
	- 0 = -5.67519
	- 1 = -17.1085
	- 2 = -13.9721
	- 3 = 0.543976
	- 4 = -13.5722
	- 5 = -13.7325
	- 6 = -19.389
	- 7 = -3.93048
	- 8 = -11.5661
	- 9 = -22.9459
	- 10 = -28.1148
	- 11 = -15.9511
result_vector[141]
	- 0 = -3.51032
	- 1 = -15.3212
	- 2 = -17.8731
	- 3 = 1.15382
	- 4 = -17.4974
	- 5 = -13.5865
	- 6 = -16.4609
	- 7 = 5.41272
	- 8 = -6.23577
	- 9 = -16.9093
	- 10 = -25.2048
	- 11 = -19.5511
result_vector[142]
	- 0 = -7.75628
	- 1 = -18.4699
	- 2 = -9.66769
	- 3 = 5.37702
	- 4 = -12.0877
	- 5 = -13.3069
	- 6 = -11.8214
	- 7 = 0.746897
	- 8 = 1.7159
	- 9 = -17.6377
	- 10 = -17.7442
	- 11 = -17.2809
result_vector[143]
	- 0 = -3.00382
	- 1 = -8.60869
	- 2 = -8.61958
	- 3 = 8.63671
	- 4 = -2.79853
	- 5 = -5.92786
	- 6 = -6.82858
	- 7 = 4.39443
	- 8 = 9.40186
	- 9 = -19.5708
	- 10 = -11.0924
	- 11 = -17.6231
result_vector[144]
	- 0 = -9.1022
	- 1 = -2.80684
	- 2 = -2.47747
	- 3 = 2.04938
	- 4 = 0.708675
	- 5 = -17.1154
	- 6 = -10.072
	- 7 = 15.5074
	- 8 = 8.40775
	- 9 = -13.4289
	- 10 = -22.6747
	- 11 = -12.2397
result_vector[145]
	- 0 = 2.90329
	- 1 = -3.44104
	- 2 = -4.27766
	- 3 = 14.8006
	- 4 = -5.27143
	- 5 = -16.7223
	- 6 = -3.4056
	- 7 = 11.4399
	- 8 = 1.56471
	- 9 = -12.5692
	- 10 = -14.5312
	- 11 = -7.85538
result_vector[146]
	- 0 = -4.37574
	- 1 = 3.88079
	- 2 = -4.39964
	- 3 = 13.7371
	- 4 = 3.16655
	- 5 = -14.0637
	- 6 = -11.6576
	- 7 = 24.3023
	- 8 = 5.79558
	- 9 = -13.4129
	- 10 = -4.61521
	- 11 = -2.09843
result_vector[147]
	- 0 = -0.3416
	- 1 = -6.16183
	- 2 = 4.42462
	- 3 = 12.8023
	- 4 = 7.67843
	- 5 = -16.4095
	- 6 = -17.2508
	- 7 = 6.06308
	- 8 = 16.9231
	- 9 = -16.0642
	- 10 = -1.96336
	- 11 = 7.35645
result_vector[148]
	- 0 = 3.47478
	- 1 = 1.47899
	- 2 = -3.52786
	- 3 = -2.90321
	- 4 = 8.49922
	- 5 = -9.58103
	- 6 = -10.1123
	- 7 = 16.2084
	- 8 = 4.28561
	- 9 = -6.00801
	- 10 = -10.946
	- 11 = 3.49221
result_vector[149]
	- 0 = 0.918361
	- 1 = -0.72602
	- 2 = 0.606255
	- 3 = 2.02336
	- 4 = 5.54071
	- 5 = -15.4924
	- 6 = -10.4049
	- 7 = 8.11485
	- 8 = 8.24961
	- 9 = -18.5478
	- 10 = -15.1999
	- 11 = -8.30093
result_vector[150]
	- 0 = -5.4353
	- 1 = -5.45172
	- 2 = -1.51258
	- 3 = 9.86372
	- 4 = 3.0347
	- 5 = -11.8779
	- 6 = -11.1712
	- 7 = 19.596
	- 8 = 14.5004
	- 9 = -8.49781
	- 10 = -13.8099
	- 11 = -1.58611
result_vector[151]
	- 0 = -3.17985
	- 1 = -1.70318
	- 2 = 4.05099
	- 3 = 12.3184
	- 4 = 12.8723
	- 5 = -2.47746
	- 6 = -2.27207
	- 7 = 19.2954
	- 8 = 7.62159
	- 9 = -12.9134
	- 10 = -5.9902
	- 11 = 4.34249
result_vector[152]
	- 0 = 4.14145
	- 1 = 6.90306
	- 2 = 8.81467
	- 3 = 18.9057
	- 4 = 8.82881
	- 5 = -12.7682
	- 6 = -7.21656
	- 7 = 30.2296
	- 8 = 20.4999
	- 9 = -11.4821
	- 10 = 6.10655
	- 11 = 6.30862
result_vector[153]
	- 0 = 7.48143
	- 1 = -6.08668
	- 2 = 6.05752
	- 3 = 17.8184
	- 4 = 10.2867
	- 5 = -2.3095
	- 6 = -2.58872
	- 7 = 21.6837
	- 8 = 10.2476
	- 9 = -14.6907
	- 10 = -10.9888
	- 11 = 11.0045
result_vector[154]
	- 0 = 5.07135
	- 1 = 4.98849
	- 2 = 2.13206
	- 3 = 21.2279
	- 4 = 11.1683
	- 5 = -8.07484
	- 6 = -8.00181
	- 7 = 23.7023
	- 8 = 17.6153
	- 9 = -3.95562
	- 10 = -0.023209
	- 11 = 11.5382
result_vector[155]
	- 0 = 8.44443
	- 1 = -0.432957
	- 2 = 5.90674
	- 3 = 15.6705
	- 4 = 13.8569
	- 5 = -10.8341
	- 6 = -8.15382
	- 7 = 17.7353
	- 8 = 10.6139
	- 9 = -8.55545
	- 10 = -2.10462
	- 11 = 0.229534
result_vector[156]
	- 0 = -2.97682
	- 1 = 0.321692
	- 2 = 3.32584
	- 3 = 8.78138
	- 4 = 2.67144
	- 5 = -5.85508
	- 6 = -16.0396
	- 7 = 14.6941
	- 8 = 14.5689
	- 9 = -5.82969
	- 10 = 0.310503
	- 11 = 4.33803
result_vector[157]
	- 0 = -2.58068
	- 1 = 1.59247
	- 2 = 3.00674
	- 3 = 12.0452
	- 4 = 1.67001
	- 5 = -10.7929
	- 6 = -14.6251
	- 7 = 16.6389
	- 8 = 13.2928
	- 9 = -14.2247
	- 10 = -14.9892
	- 11 = 5.21697
result_vector[158]
	- 0 = -0.341074
	- 1 = -3.96961
	- 2 = 1.1718
	- 3 = -1.30689
	- 4 = -6.51545
	- 5 = -16.4036
	- 6 = -12.3143
	- 7 = 29.7198
	- 8 = 14.5616
	- 9 = -18.8683
	- 10 = -3.5269
	- 11 = 7.38214
result_vector[159]
	- 0 = 3.20486
	- 1 = -5.93519
	- 2 = 5.05268
	- 3 = 14.4262
	- 4 = -2.21645
	- 5 = -14.9501
	- 6 = -19.846
	- 7 = 10.9462
	- 8 = 11.4074
	- 9 = -22.8494
	- 10 = -4.26398
	- 11 = 1.63318
result_vector[160]
	- 0 = 3.64703
	- 1 = 5.87953
	- 2 = -3.53642
	- 3 = -4.2614
	- 4 = 2.0393
	- 5 = -10.8289
	- 6 = -19.7309
	- 7 = 17.2925
	- 8 = 7.76413
	- 9 = -16.5173
	- 10 = -9.57542
	- 11 = 0.745266
result_vector[161]
	- 0 = -3.46214
	- 1 = -2.45021
	- 2 = 0.0542129
	- 3 = 5.02871
	- 4 = -3.95983
	- 5 = -9.79275
	- 6 = -18.4905
	- 7 = -5.93721
	- 8 = -4.18784
	- 9 = -17.957
	- 10 = -13.2889
	- 11 = -15.2269
result_vector[162]
	- 0 = -2.559
	- 1 = -4.74096
	- 2 = -2.34696
	- 3 = 1.31933
	- 4 = -5.97675
	- 5 = -14.4096
	- 6 = -22.2005
	- 7 = 3.01852
	- 8 = 0.524654
	- 9 = -13.5694
	- 10 = -8.93075
	- 11 = -10.283
result_vector[163]
	- 0 = 4.05706
	- 1 = 6.16335
	- 2 = 4.52312
	- 3 = -4.22933
	- 4 = 4.22036
	- 5 = -8.85277
	- 6 = -8.0205
	- 7 = -1.02249
	- 8 = 10.1201
	- 9 = 0.457685
	- 10 = 1.39127
	- 11 = -3.30751
result_vector[164]
	- 0 = 1.08181
	- 1 = -2.63616
	- 2 = 9.82945
	- 3 = 16.1736
	- 4 = 11.3324
	- 5 = -1.91912
	- 6 = -9.56979
	- 7 = 16.9002
	- 8 = 10.1444
	- 9 = -6.90871
	- 10 = -6.41767
	- 11 = -1.81931
result_vector[165]
	- 0 = 1.15448
	- 1 = 6.41254
	- 2 = 9.82118
	- 3 = 2.32826
	- 4 = 2.17319
	- 5 = -12.2012
	- 6 = -11.6997
	- 7 = 10.9176
	- 8 = 15.5479
	- 9 = 4.37842
	- 10 = 2.09274
	- 11 = 5.48397
result_vector[166]
	- 0 = 8.61508
	- 1 = 4.18628
	- 2 = 8.28733
	- 3 = 1.82374
	- 4 = 4.42915
	- 5 = -12.5247
	- 6 = -16.1667
	- 7 = 2.5027
	- 8 = 9.64744
	- 9 = -3.27617
	- 10 = 0.209227
	- 11 = -8.89437
result_vector[167]
	- 0 = 9.70872
	- 1 = 6.23415
	- 2 = 9.46138
	- 3 = 12.0121
	- 4 = 11.292
	- 5 = -8.22525
	- 6 = -10.6241
	- 7 = 8.16333
	- 8 = 9.78273
	- 9 = -4.27323
	- 10 = -6.77226
	- 11 = -8.24983
result_vector[168]
	- 0 = 6.13821
	- 1 = 9.60123
	- 2 = 4.673
	- 3 = 15.8072
	- 4 = 8.71524
	- 5 = -3.4303
	- 6 = -10.1339
	- 7 = 12.4689
	- 8 = 4.66065
	- 9 = -11.1437
	- 10 = 0.561864
	- 11 = -10.5466
result_vector[169]
	- 0 = 5.36927
	- 1 = 0.274824
	- 2 = 2.68356
	- 3 = 12.7704
	- 4 = 2.3311
	- 5 = -13.0429
	- 6 = -4.5428
	- 7 = 8.1364
	- 8 = 1.35556
	- 9 = -14.7055
	- 10 = -6.17433
	- 11 = -3.55888
result_vector[170]
	- 0 = 1.40816
	- 1 = 3.85487
	- 2 = -3.04463
	- 3 = 8.37462
	- 4 = -0.342329
	- 5 = -22.1394
	- 6 = -13.352
	- 7 = 5.56965
	- 8 = -3.98295
	- 9 = -11.5012
	- 10 = -14.0914
	- 11 = -4.18927
result_vector[171]
	- 0 = 7.70683
	- 1 = -11.7586
	- 2 = -10.3409
	- 3 = 3.18224
	- 4 = -13.2994
	- 5 = -17.2272
	- 6 = -7.68893
	- 7 = 7.73122
	- 8 = -0.0621203
	- 9 = -12.3092
	- 10 = -22.2638
	- 11 = -5.42391
result_vector[172]
	- 0 = -0.898839
	- 1 = -9.42622
	- 2 = -6.42758
	- 3 = -2.99045
	- 4 = 5.58993
	- 5 = -22.0156
	- 6 = -16.2509
	- 7 = 1.48311
	- 8 = -9.22805
	- 9 = -26.3823
	- 10 = -28.287
	- 11 = -12.5498
result_vector[173]
	- 0 = -1.58241
	- 1 = -6.98007
	- 2 = -0.63173
	- 3 = -3.75042
	- 4 = -0.943483
	- 5 = -21.6586
	- 6 = -22.2901
	- 7 = -2.92975
	- 8 = -5.92984
	- 9 = -12.6696
	- 10 = -22.4319
	- 11 = -9.56483
result_vector[174]
	- 0 = 3.72835
	- 1 = -2.08379
	- 2 = -6.33345
	- 3 = -2.77994
	- 4 = -5.2208
	- 5 = -5.50422
	- 6 = -17.6411
	- 7 = 8.74358
	- 8 = 7.69501
	- 9 = -6.18784
	- 10 = -11.1186
	- 11 = -18.3266
result_vector[175]
	- 0 = 2.71114
	- 1 = 5.4642
	- 2 = 0.896385
	- 3 = 6.15614
	- 4 = 4.97713
	- 5 = -14.9127
	- 6 = -14.8099
	- 7 = 14.3472
	- 8 = 8.35153
	- 9 = -11.8176
	- 10 = 4.00495
	- 11 = -5.14125
result_vector[176]
	- 0 = 9.0006
	- 1 = 13.036
	- 2 = -3.59905
	- 3 = 20.4399
	- 4 = 4.9105
	- 5 = -8.53373
	- 6 = -14.3262
	- 7 = 17.2186
	- 8 = 12.1094
	- 9 = -7.42385
	- 10 = 13.2088
	- 11 = -8.11152
result_vector[177]
	- 0 = -0.972742
	- 1 = 12.5635
	- 2 = 0.880519
	- 3 = 16.3457
	- 4 = 7.60261
	- 5 = -17.1935
	- 6 = -7.98018
	- 7 = 15.0773
	- 8 = 27.3502
	- 9 = -13.7685
	- 10 = 3.82065
	- 11 = -2.7467
result_vector[178]
	- 0 = 7.94047
	- 1 = 11.5337
	- 2 = 0.219367
	- 3 = 19.724
	- 4 = 5.14301
	- 5 = -25.997
	- 6 = -3.33677
	- 7 = 9.95444
	- 8 = 10.3833
	- 9 = -16.3036
	- 10 = -2.33743
	- 11 = -16.096
result_vector[179]
	- 0 = -0.298166
	- 1 = -2.0964
	- 2 = -4.82907
	- 3 = 10.4321
	- 4 = -8.95294
	- 5 = -29.407
	- 6 = -6.22277
	- 7 = -1.18678
	- 8 = 0.267417
	- 9 = -19.5663
	- 10 = -3.98882
	- 11 = -25.941
result_vector[180]
	- 0 = -7.93854
	- 1 = -11.666
	- 2 = -10.4778
	- 3 = 1.61211
	- 4 = -5.31273
	- 5 = -20.605
	- 6 = -14.8351
	- 7 = -13.8453
	- 8 = -15.908
	- 9 = -28.5939
	- 10 = -22.8155
	- 11 = -20.9078
result_vector[181]
	- 0 = -6.30327
	- 1 = -19.9735
	- 2 = -16.1522
	- 3 = -7.07231
	- 4 = -15.4615
	- 5 = -29.0258
	- 6 = -32.6603
	- 7 = -14.8257
	- 8 = -29.3037
	- 9 = -29.0202
	- 10 = -23.5639
	- 11 = -23.3816
result_vector[182]
	- 0 = -5.57693
	- 1 = -14.0409
	- 2 = -16.3108
	- 3 = 3.74149
	- 4 = -13.4442
	- 5 = -19.9235
	- 6 = -24.0169
	- 7 = -0.536123
	- 8 = -9.34789
	- 9 = -25.6516
	- 10 = -24.9972
	- 11 = -29.8426
result_vector[183]
	- 0 = -5.16499
	- 1 = -10.0997
	- 2 = -19.397
	- 3 = -10.7511
	- 4 = -6.10418
	- 5 = -22.7776
	- 6 = -29.4126
	- 7 = 2.89572
	- 8 = -5.34734
	- 9 = -44.8266
	- 10 = -29.7806
	- 11 = -32.5537
result_vector[184]
	- 0 = 0.589211
	- 1 = -10.455
	- 2 = -14.1823
	- 3 = -2.30912
	- 4 = -6.10486
	- 5 = -17.261
	- 6 = -30.0614
	- 7 = 14.27
	- 8 = -0.724497
	- 9 = -22.2029
	- 10 = -14.9307
	- 11 = -27.6015
result_vector[185]
	- 0 = -3.00361
	- 1 = -0.521781
	- 2 = -6.5456
	- 3 = 1.40989
	- 4 = -1.15092
	- 5 = -11.2535
	- 6 = -23.1186
	- 7 = 2.21147
	- 8 = 8.65611
	- 9 = -13.3232
	- 10 = -11.5662
	- 11 = -22.8199
result_vector[186]
	- 0 = -3.83827
	- 1 = 2.82849
	- 2 = -3.84459
	- 3 = 9.32195
	- 4 = 0.777245
	- 5 = -13.824
	- 6 = -11.6028
	- 7 = 3.90499
	- 8 = 15.3094
	- 9 = -19.0798
	- 10 = -0.281623
	- 11 = -20.2809
result_vector[187]
	- 0 = -10.0133
	- 1 = 1.2859
	- 2 = -4.28736
	- 3 = 16.0699
	- 4 = -5.13354
	- 5 = -14.9308
	- 6 = -9.81962
	- 7 = 7.39234
	- 8 = 3.6828
	- 9 = -22.4103
	- 10 = 1.2329
	- 11 = -12.204
result_vector[188]
	- 0 = -7.76508
	- 1 = 16.912
	- 2 = -3.29163
	- 3 = 12.3927
	- 4 = -2.08882
	- 5 = -25.3797
	- 6 = -8.69572
	- 7 = -2.51156
	- 8 = -1.52611
	- 9 = -5.62393
	- 10 = -6.59871
	- 11 = -12.8739
result_vector[189]
	- 0 = -4.38544
	- 1 = 3.65229
	- 2 = -16.6063
	- 3 = 6.70365
	- 4 = -4.34678
	- 5 = -17.8406
	- 6 = -11.6638
	- 7 = -12.8845
	- 8 = -15.2916
	- 9 = -18.5769
	- 10 = -19.5231
	- 11 = -16.2613
result_vector[190]
	- 0 = -10.511
	- 1 = 3.35603
	- 2 = -8.24673
	- 3 = 7.77197
	- 4 = -28.7451
	- 5 = -20.4359
	- 6 = -27.1026
	- 7 = -15.4696
	- 8 = -7.13178
	- 9 = -15.1359
	- 10 = -20.1643
	- 11 = -18.7653
result_vector[191]
	- 0 = -13.586
	- 1 = -1.85769
	- 2 = -23.0496
	- 3 = -6.42233
	- 4 = -23.2486
	- 5 = -22.9724
	- 6 = -31.9793
	- 7 = -26.0912
	- 8 = -7.79811
	- 9 = -31.585
	- 10 = -19.3069
	- 11 = -18.6474
result_vector[192]
	- 0 = -11.7668
	- 1 = -3.72398
	- 2 = -17.6927
	- 3 = -2.22509
	- 4 = -10.1304
	- 5 = -25.0943
	- 6 = -24.9331
	- 7 = -25.9194
	- 8 = -2.74729
	- 9 = -27.1625
	- 10 = -16.4987
	- 11 = -13.8361
result_vector[193]
	- 0 = -14.7028
	- 1 = -2.06185
	- 2 = -22.2384
	- 3 = -6.85236
	- 4 = -11.5084
	- 5 = -22.6224
	- 6 = -22.8446
	- 7 = -10.5114
	- 8 = -0.600157
	- 9 = -17.9602
	- 10 = -28.4623
	- 11 = -30.2996
result_vector[194]
	- 0 = -11.7682
	- 1 = -6.73298
	- 2 = -11.5212
	- 3 = 4.10599
	- 4 = -3.49572
	- 5 = -22.7875
	- 6 = -11.5851
	- 7 = -6.56218
	- 8 = 1.88312
	- 9 = -26.8143
	- 10 = -16.8262
	- 11 = -20.9504
result_vector[195]
	- 0 = -4.99816
	- 1 = -1.86736
	- 2 = 0.395721
	- 3 = -3.87298
	- 4 = -6.3402
	- 5 = -26.9528
	- 6 = -12.6892
	- 7 = -5.28727
	- 8 = 4.62363
	- 9 = -20.3881
	- 10 = -20.7091
	- 11 = -10.014
result_vector[196]
	- 0 = -3.72135
	- 1 = 0.506672
	- 2 = -1.6912
	- 3 = -1.11761
	- 4 = 1.86346
	- 5 = -20.6195
	- 6 = -16.203
	- 7 = 2.9302
	- 8 = -7.86788
	- 9 = -17.1414
	- 10 = -9.6778
	- 11 = -6.23519
result_vector[197]
	- 0 = 1.04984
	- 1 = 0.510141
	- 2 = -0.548786
	- 3 = -10.1425
	- 4 = -6.95869
	- 5 = -25.721
	- 6 = -10.7669
	- 7 = -5.04969
	- 8 = -0.443109
	- 9 = -25.3613
	- 10 = -6.80842
	- 11 = -15.1377
result_vector[198]
	- 0 = 0.937007
	- 1 = 0.136765
	- 2 = -14.4446
	- 3 = 3.72389
	- 4 = -19.0294
	- 5 = -20.9978
	- 6 = -15.9938
	- 7 = -7.88165
	- 8 = -16.5727
	- 9 = -22.6831
	- 10 = -21.3249
	- 11 = -29.7371
result_vector[199]
	- 0 = -12.4399
	- 1 = -13.0286
	- 2 = -15.2146
	- 3 = -3.13837
	- 4 = -11.0949
	- 5 = -12.3502
	- 6 = -25.5373
	- 7 = -21.5496
	- 8 = -8.03954
	- 9 = -27.1928
	- 10 = -17.266
	- 11 = -28.908
result_vector[200]
	- 0 = -15.1113
	- 1 = -21.3151
	- 2 = -10.7209
	- 3 = -11.0223
	- 4 = -22.0657
	- 5 = -21.4514
	- 6 = -17.6535
	- 7 = -20.4601
	- 8 = -14.0576
	- 9 = -31.9993
	- 10 = -20.6082
	- 11 = -28.5853
result_vector[201]
	- 0 = -21.3574
	- 1 = -14.0334
	- 2 = -11.6157
	- 3 = -8.68756
	- 4 = -8.67391
	- 5 = -23.6593
	- 6 = -26.8996
	- 7 = -9.62188
	- 8 = -16.5002
	- 9 = -34.9625
	- 10 = -25.496
	- 11 = -26.3765
result_vector[202]
	- 0 = -6.86067
	- 1 = -9.69469
	- 2 = -13.9515
	- 3 = -2.51008
	- 4 = -6.01445
	- 5 = -22.992
	- 6 = -23.8616
	- 7 = -13.0101
	- 8 = -15.9721
	- 9 = -21.6389
	- 10 = -26.9995
	- 11 = -27.7903
result_vector[203]
	- 0 = -10.9793
	- 1 = -5.16757
	- 2 = -16.0875
	- 3 = -5.81439
	- 4 = -5.02702
	- 5 = -28.4821
	- 6 = -19.5914
	- 7 = -9.92785
	- 8 = -6.58035
	- 9 = -27.2449
	- 10 = -11.1384
	- 11 = -22.0715
result_vector[204]
	- 0 = -14.8944
	- 1 = -12.9672
	- 2 = -15.2086
	- 3 = 0.417733
	- 4 = -2.54651
	- 5 = -28.4709
	- 6 = -12.0506
	- 7 = -6.9733
	- 8 = 1.88997
	- 9 = -17.907
	- 10 = -10.3542
	- 11 = -20.2714
result_vector[205]
	- 0 = -11.2978
	- 1 = -8.38839
	- 2 = -6.75024
	- 3 = -2.76046
	- 4 = -11.6377
	- 5 = -16.0965
	- 6 = -11.8505
	- 7 = -6.21511
	- 8 = -5.59201
	- 9 = -20.7128
	- 10 = -10.9959
	- 11 = -24.9788
result_vector[206]
	- 0 = -7.52376
	- 1 = -15.2029
	- 2 = -19.0849
	- 3 = -3.00937
	- 4 = -24.4083
	- 5 = -22.618
	- 6 = -11.8545
	- 7 = -8.29281
	- 8 = 5.28818
	- 9 = -14.9608
	- 10 = -20.2063
	- 11 = -30.1645
result_vector[207]
	- 0 = -7.19753
	- 1 = -15.0453
	- 2 = -18.2448
	- 3 = -15.1467
	- 4 = -18.3954
	- 5 = -22.9896
	- 6 = -25.4681
	- 7 = -19.5819
	- 8 = -14.6247
	- 9 = -27.7625
	- 10 = -25.1196
	- 11 = -29.0929
result_vector[208]
	- 0 = -7.81199
	- 1 = -25.8472
	- 2 = -27.1109
	- 3 = -15.5354
	- 4 = -23.8779
	- 5 = -30.7026
	- 6 = -24.0777
	- 7 = -28.8301
	- 8 = -17.4093
	- 9 = -23.1404
	- 10 = -27.7477
	- 11 = -35.3002
result_vector[209]
	- 0 = -9.49907
	- 1 = -32.139
	- 2 = -27.2207
	- 3 = -7.67424
	- 4 = -27.5556
	- 5 = -25.8858
	- 6 = -26.967
	- 7 = -21.6963
	- 8 = -20.8176
	- 9 = -21.309
	- 10 = -33.951
	- 11 = -34.9177
result_vector[210]
	- 0 = -15.0233
	- 1 = -27.1028
	- 2 = -18.3854
	- 3 = -6.73912
	- 4 = -16.4626
	- 5 = -36.3366
	- 6 = -27.4693
	- 7 = -31.6213
	- 8 = -33.8845
	- 9 = -21.5727
	- 10 = -39.3611
	- 11 = -33.2217
result_vector[211]
	- 0 = -20.963
	- 1 = -21.3767
	- 2 = -25.2146
	- 3 = -10.4365
	- 4 = -19.3567
	- 5 = -28.8025
	- 6 = -36.1462
	- 7 = -29.6095
	- 8 = -14.993
	- 9 = -30.874
	- 10 = -41.1914
	- 11 = -36.6523
Creating file result/britney_spears_baby_one_more_time_matrix.dat...
